# JRE version: OpenJDK Runtime Environment (11.0.8+10) (build 11.0.8+10-post-Ubuntu-0ubuntu118.04.1)
# Java VM: OpenJDK 64-Bit Server VM (11.0.8+10-post-Ubuntu-0ubuntu118.04.1, mixed mode, sharing, tiered, compressed oops, serial gc, linux-amd64)
Heap:
 def new generation   total 4928K, used 4513K [0x00000000f1000000, 0x00000000f1550000, 0x00000000f6000000)
  eden space 4416K,  92% used [0x00000000f1000000, 0x00000000f13ff6d8, 0x00000000f1450000)
  from space 512K,  82% used [0x00000000f1450000, 0x00000000f14b9098, 0x00000000f14d0000)
  to   space 512K,   0% used [0x00000000f14d0000, 0x00000000f14d0000, 0x00000000f1550000)
 tenured generation   total 10944K, used 3147K [0x00000000f6000000, 0x00000000f6ab0000, 0x0000000100000000)
   the space 10944K,  28% used [0x00000000f6000000, 0x00000000f6312fb8, 0x00000000f6313000, 0x00000000f6ab0000)
 Metaspace       used 12101K, capacity 12916K, committed 13184K, reserved 1060864K
  class space    used 1437K, capacity 1825K, committed 1920K, reserved 1048576K
GC Heap History (8 events):
Event: 8.433 GC heap before
{Heap before GC invocations=0 (full 0):
 def new generation   total 4928K, used 4416K [0x00000000f1000000, 0x00000000f1550000, 0x00000000f6000000)
  eden space 4416K, 100% used [0x00000000f1000000, 0x00000000f1450000, 0x00000000f1450000)
  from space 512K,   0% used [0x00000000f1450000, 0x00000000f1450000, 0x00000000f14d0000)
  to   space 512K,   0% used [0x00000000f14d0000, 0x00000000f14d0000, 0x00000000f1550000)
 tenured generation   total 10944K, used 0K [0x00000000f6000000, 0x00000000f6ab0000, 0x0000000100000000)
   the space 10944K,   0% used [0x00000000f6000000, 0x00000000f6000000, 0x00000000f6000200, 0x00000000f6ab0000)
 Metaspace       used 4201K, capacity 4855K, committed 4992K, reserved 1056768K
  class space    used 428K, capacity 518K, committed 640K, reserved 1048576K
}
Event: 8.452 GC heap after
{Heap after GC invocations=1 (full 0):
 def new generation   total 4928K, used 512K [0x00000000f1000000, 0x00000000f1550000, 0x00000000f6000000)
  eden space 4416K,   0% used [0x00000000f1000000, 0x00000000f1000000, 0x00000000f1450000)
  from space 512K, 100% used [0x00000000f14d0000, 0x00000000f1550000, 0x00000000f1550000)
  to   space 512K,   0% used [0x00000000f1450000, 0x00000000f1450000, 0x00000000f14d0000)
 tenured generation   total 10944K, used 857K [0x00000000f6000000, 0x00000000f6ab0000, 0x0000000100000000)
   the space 10944K,   7% used [0x00000000f6000000, 0x00000000f60d6418, 0x00000000f60d6600, 0x00000000f6ab0000)
 Metaspace       used 4201K, capacity 4855K, committed 4992K, reserved 1056768K
  class space    used 428K, capacity 518K, committed 640K, reserved 1048576K
}
Event: 10.170 GC heap before
{Heap before GC invocations=1 (full 0):
 def new generation   total 4928K, used 4928K [0x00000000f1000000, 0x00000000f1550000, 0x00000000f6000000)
  eden space 4416K, 100% used [0x00000000f1000000, 0x00000000f1450000, 0x00000000f1450000)
  from space 512K, 100% used [0x00000000f14d0000, 0x00000000f1550000, 0x00000000f1550000)
  to   space 512K,   0% used [0x00000000f1450000, 0x00000000f1450000, 0x00000000f14d0000)
 tenured generation   total 10944K, used 857K [0x00000000f6000000, 0x00000000f6ab0000, 0x0000000100000000)
   the space 10944K,   7% used [0x00000000f6000000, 0x00000000f60d6418, 0x00000000f60d6600, 0x00000000f6ab0000)
 Metaspace       used 8233K, capacity 8621K, committed 8832K, reserved 1056768K
  class space    used 946K, capacity 1147K, committed 1152K, reserved 1048576K
}
Event: 10.184 GC heap after
{Heap after GC invocations=2 (full 0):
 def new generation   total 4928K, used 512K [0x00000000f1000000, 0x00000000f1550000, 0x00000000f6000000)
  eden space 4416K,   0% used [0x00000000f1000000, 0x00000000f1000000, 0x00000000f1450000)
  from space 512K, 100% used [0x00000000f1450000, 0x00000000f14d0000, 0x00000000f14d0000)
  to   space 512K,   0% used [0x00000000f14d0000, 0x00000000f14d0000, 0x00000000f1550000)
 tenured generation   total 10944K, used 1665K [0x00000000f6000000, 0x00000000f6ab0000, 0x0000000100000000)
   the space 10944K,  15% used [0x00000000f6000000, 0x00000000f61a0428, 0x00000000f61a0600, 0x00000000f6ab0000)
 Metaspace       used 8233K, capacity 8621K, committed 8832K, reserved 1056768K
  class space    used 946K, capacity 1147K, committed 1152K, reserved 1048576K
}
Event: 972.105 GC heap before
{Heap before GC invocations=2 (full 0):
 def new generation   total 4928K, used 4928K [0x00000000f1000000, 0x00000000f1550000, 0x00000000f6000000)
  eden space 4416K, 100% used [0x00000000f1000000, 0x00000000f1450000, 0x00000000f1450000)
  from space 512K, 100% used [0x00000000f1450000, 0x00000000f14d0000, 0x00000000f14d0000)
  to   space 512K,   0% used [0x00000000f14d0000, 0x00000000f14d0000, 0x00000000f1550000)
 tenured generation   total 10944K, used 1665K [0x00000000f6000000, 0x00000000f6ab0000, 0x0000000100000000)
   the space 10944K,  15% used [0x00000000f6000000, 0x00000000f61a0428, 0x00000000f61a0600, 0x00000000f6ab0000)
 Metaspace       used 10750K, capacity 11223K, committed 11520K, reserved 1058816K
  class space    used 1233K, capacity 1458K, committed 1536K, reserved 1048576K
}
Event: 972.117 GC heap after
{Heap after GC invocations=3 (full 0):
 def new generation   total 4928K, used 511K [0x00000000f1000000, 0x00000000f1550000, 0x00000000f6000000)
  eden space 4416K,   0% used [0x00000000f1000000, 0x00000000f1000000, 0x00000000f1450000)
  from space 512K,  99% used [0x00000000f14d0000, 0x00000000f154fff8, 0x00000000f1550000)
  to   space 512K,   0% used [0x00000000f1450000, 0x00000000f1450000, 0x00000000f14d0000)
 tenured generation   total 10944K, used 2640K [0x00000000f6000000, 0x00000000f6ab0000, 0x0000000100000000)
   the space 10944K,  24% used [0x00000000f6000000, 0x00000000f6294310, 0x00000000f6294400, 0x00000000f6ab0000)
 Metaspace       used 10750K, capacity 11223K, committed 11520K, reserved 1058816K
  class space    used 1233K, capacity 1458K, committed 1536K, reserved 1048576K
}
Event: 977.033 GC heap before
{Heap before GC invocations=3 (full 0):
 def new generation   total 4928K, used 4927K [0x00000000f1000000, 0x00000000f1550000, 0x00000000f6000000)
  eden space 4416K, 100% used [0x00000000f1000000, 0x00000000f1450000, 0x00000000f1450000)
  from space 512K,  99% used [0x00000000f14d0000, 0x00000000f154fff8, 0x00000000f1550000)
  to   space 512K,   0% used [0x00000000f1450000, 0x00000000f1450000, 0x00000000f14d0000)
 tenured generation   total 10944K, used 2640K [0x00000000f6000000, 0x00000000f6ab0000, 0x0000000100000000)
   the space 10944K,  24% used [0x00000000f6000000, 0x00000000f6294310, 0x00000000f6294400, 0x00000000f6ab0000)
 Metaspace       used 11348K, capacity 12025K, committed 12288K, reserved 1060864K
  class space    used 1360K, capacity 1692K, committed 1792K, reserved 1048576K
}
Event: 977.055 GC heap after
{Heap after GC invocations=4 (full 0):
 def new generation   total 4928K, used 420K [0x00000000f1000000, 0x00000000f1550000, 0x00000000f6000000)
  eden space 4416K,   0% used [0x00000000f1000000, 0x00000000f1000000, 0x00000000f1450000)
  from space 512K,  82% used [0x00000000f1450000, 0x00000000f14b9098, 0x00000000f14d0000)
  to   space 512K,   0% used [0x00000000f14d0000, 0x00000000f14d0000, 0x00000000f1550000)
 tenured generation   total 10944K, used 3147K [0x00000000f6000000, 0x00000000f6ab0000, 0x0000000100000000)
   the space 10944K,  28% used [0x00000000f6000000, 0x00000000f6312fb8, 0x00000000f6313000, 0x00000000f6ab0000)
 Metaspace       used 11348K, capacity 12025K, committed 12288K, reserved 1060864K
  class space    used 1360K, capacity 1692K, committed 1792K, reserved 1048576K
}

